<?xml version="1.0" encoding="UTF-8"?>
<!-- Generated by org.testng.reporters.JUnitReportReporter -->
<testsuite skipped="0" hostname="BLT1219" name="testingdemo.linkedin" tests="3" failures="0" timestamp="2020-02-18T09:59:44 IST" time="70.917" errors="0">
  <testcase name="testcase3" time="15.800" classname="testingdemo.linkedin"/>
  <system-out/>
  <testcase name="testcase1" time="31.164" classname="testingdemo.linkedin"/>
  <system-out/>
  <testcase name="testcase2" time="23.953" classname="testingdemo.linkedin"/>
  <system-out/>
</testsuite> <!-- testingdemo.linkedin -->
