<?xml version="1.0" encoding="UTF-8"?>
<!-- Generated by org.testng.reporters.JUnitReportReporter -->
<testsuite skipped="0" hostname="BLT1219" name="testingdemo.paralleltestcase" tests="3" failures="0" timestamp="2020-02-17T14:17:06 IST" time="0.038" errors="0">
  <testcase name="testcase2" time="0.002" classname="testingdemo.paralleltestcase"/>
  <system-out/>
  <testcase name="testcase3" time="0.002" classname="testingdemo.paralleltestcase"/>
  <system-out/>
  <testcase name="testcase1" time="0.034" classname="testingdemo.paralleltestcase"/>
  <system-out/>
</testsuite> <!-- testingdemo.paralleltestcase -->
