<?xml version="1.0" encoding="UTF-8"?>
<!-- Generated by org.testng.reporters.JUnitReportReporter -->
<testsuite skipped="0" hostname="BLT1219" name="day18.excellogin" tests="1" failures="0" timestamp="2020-02-18T14:15:48 IST" time="65.528" errors="0">
  <testcase name="excel" time="65.528" classname="day18.excellogin"/>
  <system-out/>
</testsuite> <!-- day18.excellogin -->
