<?xml version="1.0" encoding="UTF-8"?>
<!-- Generated by org.testng.reporters.JUnitReportReporter -->
<testsuite skipped="0" hostname="BLT1219" name="day24.webtable" tests="1" failures="0" timestamp="2020-02-26T10:13:30 IST" time="14.286" errors="0">
  <testcase name="table" time="14.286" classname="day24.webtable"/>
  <system-out/>
</testsuite> <!-- day24.webtable -->
