<?xml version="1.0" encoding="UTF-8"?>
<!-- Generated by org.testng.reporters.JUnitReportReporter -->
<testsuite skipped="0" hostname="BLT1219" name="testingdemo.dependsongroup" tests="2" failures="0" timestamp="2020-02-17T16:19:08 IST" time="0.015" errors="0">
  <testcase name="login" time="0.015" classname="testingdemo.dependsongroup"/>
  <system-out/>
  <testcase name="login2" time="0.000" classname="testingdemo.dependsongroup"/>
  <system-out/>
</testsuite> <!-- testingdemo.dependsongroup -->
