<?xml version="1.0" encoding="UTF-8"?>
<!-- Generated by org.testng.reporters.JUnitReportReporter -->
<testsuite skipped="0" hostname="BLT1219" name="day18.headlessbrowser" tests="1" failures="0" timestamp="2020-02-18T11:00:37 IST" time="9.612" errors="0">
  <testcase name="login" time="9.612" classname="day18.headlessbrowser"/>
  <system-out/>
</testsuite> <!-- day18.headlessbrowser -->
