<?xml version="1.0" encoding="UTF-8"?>
<!-- Generated by org.testng.reporters.JUnitReportReporter -->
<testsuite skipped="0" hostname="BLT1219" name="day3mar.dataprovider" tests="3" failures="0" timestamp="2020-03-03T15:05:59 IST" time="47.791" errors="0">
  <testcase name="login" time="16.360" classname="day3mar.dataprovider"/>
  <system-out/>
  <testcase name="login" time="14.453" classname="day3mar.dataprovider"/>
  <system-out/>
  <testcase name="login" time="16.978" classname="day3mar.dataprovider"/>
  <system-out/>
</testsuite> <!-- day3mar.dataprovider -->
