<?xml version="1.0" encoding="UTF-8"?>
<!-- Generated by org.testng.reporters.JUnitReportReporter -->
<testsuite skipped="0" hostname="BLT1219" name="testingdemo.dependsonmethods" tests="3" failures="0" timestamp="2020-02-18T09:56:29 IST" time="0.038" errors="0">
  <testcase name="login" time="0.024" classname="testingdemo.dependsonmethods"/>
  <system-out/>
  <testcase name="logout" time="0.007" classname="testingdemo.dependsonmethods"/>
  <system-out/>
  <testcase name="search" time="0.007" classname="testingdemo.dependsonmethods"/>
  <system-out/>
</testsuite> <!-- testingdemo.dependsonmethods -->
