<?xml version="1.0" encoding="UTF-8"?>
<!-- Generated by org.testng.reporters.JUnitReportReporter -->
<testsuite skipped="0" hostname="BLT1219" name="windowhandler.newhandler" tests="1" failures="0" timestamp="2020-02-19T16:36:31 IST" time="13.135" errors="0">
  <testcase name="hand" time="13.135" classname="windowhandler.newhandler"/>
  <system-out/>
</testsuite> <!-- windowhandler.newhandler -->
