<?xml version="1.0" encoding="UTF-8"?>
<!-- Generated by org.testng.reporters.JUnitReportReporter -->
<testsuite skipped="0" hostname="BLT1219" name="day24.fileupload" tests="1" failures="0" timestamp="2020-02-24T12:42:34 IST" time="23.984" errors="0">
  <testcase name="fileup" time="23.984" classname="day24.fileupload"/>
  <system-out/>
</testsuite> <!-- day24.fileupload -->
