<?xml version="1.0" encoding="UTF-8"?>
<!-- Generated by org.testng.reporters.JUnitReportReporter -->
<testsuite skipped="0" hostname="BLT1219" name="day21.scrolldown" tests="1" failures="0" timestamp="2020-02-21T11:44:40 IST" time="28.944" errors="0">
  <testcase name="scroll" time="28.944" classname="day21.scrolldown"/>
  <system-out/>
</testsuite> <!-- day21.scrolldown -->
