<?xml version="1.0" encoding="UTF-8"?>
<!-- Generated by org.testng.reporters.JUnitReportReporter -->
<testsuite skipped="0" hostname="BLT1219" name="testingdemo.Sampletestcase" tests="3" failures="0" timestamp="2020-02-18T10:15:07 IST" time="0.015" errors="0">
  <testcase name="testcase1" time="0.009" classname="testingdemo.Sampletestcase"/>
  <system-out/>
  <testcase name="testcase3" time="0.004" classname="testingdemo.Sampletestcase"/>
  <system-out/>
  <testcase name="testcase2" time="0.002" classname="testingdemo.Sampletestcase"/>
  <system-out/>
</testsuite> <!-- testingdemo.Sampletestcase -->
