<?xml version="1.0" encoding="UTF-8"?>
<!-- Generated by org.testng.reporters.JUnitReportReporter -->
<testsuite skipped="0" hostname="BLT1219" name="testingdemo.paralleltestcase1" tests="3" failures="0" timestamp="2020-02-17T14:17:06 IST" time="0.012" errors="0">
  <testcase name="testcase4" time="0.009" classname="testingdemo.paralleltestcase1"/>
  <system-out/>
  <testcase name="testcase6" time="0.002" classname="testingdemo.paralleltestcase1"/>
  <system-out/>
  <testcase name="testcase5" time="0.001" classname="testingdemo.paralleltestcase1"/>
  <system-out/>
</testsuite> <!-- testingdemo.paralleltestcase1 -->
