<?xml version="1.0" encoding="UTF-8"?>
<!-- Generated by org.testng.reporters.JUnitReportReporter -->
<testsuite skipped="0" hostname="BLT1219" name="gradledemo.demo" tests="1" failures="0" timestamp="2020-02-20T11:19:50 IST" time="15.330" errors="0">
  <testcase name="tt" time="15.330" classname="gradledemo.demo"/>
  <system-out/>
</testsuite> <!-- gradledemo.demo -->
