<?xml version="1.0" encoding="UTF-8"?>
<!-- Generated by org.testng.reporters.JUnitReportReporter -->
<testsuite skipped="0" hostname="BLT1219" name="ObjectMaps.driverinit" tests="1" failures="0" timestamp="2020-02-19T10:11:10 IST" time="10.973" errors="0">
  <testcase name="chrome" time="10.973" classname="ObjectMaps.driverinit"/>
  <system-out/>
</testsuite> <!-- ObjectMaps.driverinit -->
