<?xml version="1.0" encoding="UTF-8"?>
<!-- Generated by org.testng.reporters.JUnitReportReporter -->
<testsuite skipped="0" hostname="BLT1219" name="Testcase.Logintestcase" tests="1" failures="0" timestamp="2020-02-19T14:20:54 IST" time="8.908" errors="0">
  <testcase name="login" time="8.908" classname="Testcase.Logintestcase"/>
  <system-out/>
</testsuite> <!-- Testcase.Logintestcase -->
