<?xml version="1.0" encoding="UTF-8"?>
<!-- Generated by org.testng.reporters.JUnitReportReporter -->
<testsuite skipped="0" hostname="BLT1219" name="com.testcase.offer_testcase" tests="1" failures="0" timestamp="2020-03-12T16:07:05 IST" time="54.560" errors="0">
  <testcase name="home" time="54.560" classname="com.testcase.offer_testcase"/>
</testsuite> <!-- com.testcase.offer_testcase -->
