<?xml version="1.0" encoding="UTF-8"?>
<!-- Generated by org.testng.reporters.JUnitReportReporter -->
<testsuite skipped="0" hostname="BLT1219" name="com.testcases.home_testcase" tests="1" failures="0" timestamp="2020-03-12T12:33:14 IST" time="29.212" errors="0">
  <testcase name="testcase" time="29.212" classname="com.testcases.home_testcase"/>
</testsuite> <!-- com.testcases.home_testcase -->
