<?xml version="1.0" encoding="UTF-8"?>
<!-- Generated by org.testng.reporters.JUnitReportReporter -->
<testsuite skipped="0" hostname="BLT1219" name="com.Testcase.account_case" tests="1" failures="0" timestamp="2020-03-05T09:44:35 IST" time="5.245" errors="0">
  <testcase name="account_method" time="5.245" classname="com.Testcase.account_case"/>
  <system-out/>
</testsuite> <!-- com.Testcase.account_case -->
