<?xml version="1.0" encoding="UTF-8"?>
<!-- Generated by org.testng.reporters.JUnitReportReporter -->
<testsuite skipped="0" hostname="BLT1219" name="com.Testcase.login_case" tests="2" failures="0" timestamp="2020-03-10T11:16:23 IST" time="56.043" errors="0">
  <testcase name="login_case2" time="22.719" classname="com.Testcase.login_case"/>
  <system-out/>
  <testcase name="login_case1" time="33.324" classname="com.Testcase.login_case"/>
  <system-out/>
</testsuite> <!-- com.Testcase.login_case -->
