<?xml version="1.0" encoding="UTF-8"?>
<!-- Generated by org.testng.reporters.JUnitReportReporter -->
<testsuite skipped="0" hostname="BLT1219" name="com.Testcase.account_case" tests="1" failures="0" timestamp="2020-03-10T11:16:23 IST" time="3.517" errors="0">
  <testcase name="account_method" time="3.517" classname="com.Testcase.account_case"/>
  <system-out/>
</testsuite> <!-- com.Testcase.account_case -->
