<?xml version="1.0" encoding="UTF-8"?>
<!-- Generated by org.testng.reporters.JUnitReportReporter -->
<testsuite skipped="0" hostname="BLT1219" name="com.Testcase.login_case" tests="2" failures="0" timestamp="2020-03-05T09:48:15 IST" time="23.405" errors="0">
  <testcase name="login_case1" time="17.316" classname="com.Testcase.login_case"/>
  <system-out/>
  <testcase name="account_method" time="6.089" classname="com.Testcase.login_case"/>
  <system-out/>
</testsuite> <!-- com.Testcase.login_case -->
