<?xml version="1.0" encoding="UTF-8"?>
<!-- Generated by org.testng.reporters.JUnitReportReporter -->
<testsuite skipped="0" hostname="BLT1219" name="com.Testcase.search_case" tests="1" failures="0" timestamp="2020-03-05T09:42:56 IST" time="6.089" errors="0">
  <testcase name="search_method" time="6.089" classname="com.Testcase.search_case"/>
  <system-out/>
</testsuite> <!-- com.Testcase.search_case -->
