<?xml version="1.0" encoding="UTF-8"?>
<!-- Generated by org.testng.reporters.JUnitReportReporter -->
<testsuite skipped="0" hostname="BLT1219" name="cucumber1.explicitwait" tests="1" failures="0" timestamp="2020-02-20T15:07:18 IST" time="38.814" errors="0">
  <testcase name="tes" time="38.814" classname="cucumber1.explicitwait"/>
</testsuite> <!-- cucumber1.explicitwait -->
