<?xml version="1.0" encoding="UTF-8"?>
<!-- Generated by org.testng.reporters.JUnitReportReporter -->
<testsuite skipped="0" hostname="BLT1219" name="cucumber.testcase" tests="1" failures="0" timestamp="2020-03-03T09:56:51 IST" time="10.900" errors="0">
  <testcase name="launch_browser" time="10.900" classname="cucumber.testcase"/>
</testsuite> <!-- cucumber.testcase -->
